[debug] [2022-05-13T02:08:43.490Z] ----------------------------------------------------------------------
[debug] [2022-05-13T02:08:43.491Z] Command:       /home/lap14784/.nvm/versions/node/v17.3.0/bin/node /home/lap14784/.nvm/versions/node/v17.3.0/bin/firebase init
[debug] [2022-05-13T02:08:43.491Z] CLI Version:   10.9.2
[debug] [2022-05-13T02:08:43.491Z] Platform:      linux
[debug] [2022-05-13T02:08:43.491Z] Node Version:  v17.3.0
[debug] [2022-05-13T02:08:43.492Z] Time:          Fri May 13 2022 09:08:43 GMT+0700 (Indochina Time)
[debug] [2022-05-13T02:08:43.492Z] ----------------------------------------------------------------------
[debug] 
[debug] [2022-05-13T02:08:43.495Z] > command requires scopes: ["email","openid","https://www.googleapis.com/auth/cloudplatformprojects.readonly","https://www.googleapis.com/auth/firebase","https://www.googleapis.com/auth/cloud-platform"]
[debug] [2022-05-13T02:08:43.495Z] > authorizing via signed-in user (heartblood001@gmail.com)
[info] 
     ######## #### ########  ######## ########     ###     ######  ########
     ##        ##  ##     ## ##       ##     ##  ##   ##  ##       ##
     ######    ##  ########  ######   ########  #########  ######  ######
     ##        ##  ##    ##  ##       ##     ## ##     ##       ## ##
     ##       #### ##     ## ######## ########  ##     ##  ######  ########

You're about to initialize a Firebase project in this directory:

  /home/lap14784/Desktop/nodejs-firebase-example

[info] 
=== Project Setup
[info] 
[info] First, let's associate this project directory with a Firebase project.
[info] You can create multiple project aliases by running firebase use --add, 
[info] but for now we'll just set up a default project.
[info] 
[info] i  If you want to create a project in a Google Cloud organization or folder, please use "firebase projects:create" instead, and return to this command when you've created the project. 
[debug] [2022-05-13T02:09:45.889Z] >>> HTTP REQUEST POST https://cloudresourcemanager.googleapis.com/v1/projects  
 {"projectId":"banking-transaction-29880","name":"banking-transaction-29880"}
[debug] [2022-05-13T02:09:47.054Z] <<< HTTP RESPONSE 409 {"vary":"X-Origin, Referer, Origin,Accept-Encoding","content-type":"application/json; charset=UTF-8","date":"Fri, 13 May 2022 02:09:47 GMT","server":"ESF","cache-control":"private","x-xss-protection":"0","x-frame-options":"SAMEORIGIN","x-content-type-options":"nosniff","server-timing":"gfet4t7; dur=893","alt-svc":"h3=\":443\"; ma=2592000,h3-29=\":443\"; ma=2592000,h3-Q050=\":443\"; ma=2592000,h3-Q046=\":443\"; ma=2592000,h3-Q043=\":443\"; ma=2592000,quic=\":443\"; ma=2592000; v=\"46,43\"","accept-ranges":"none","transfer-encoding":"chunked"}
[debug] [2022-05-13T02:09:47.054Z] <<< HTTP RESPONSE BODY {"error":{"code":409,"message":"Requested entity already exists","status":"ALREADY_EXISTS"}}
[debug] [2022-05-13T02:09:47.238Z] FirebaseError: HTTP Error: 409, Requested entity already exists
    at module.exports (/home/lap14784/.nvm/versions/node/v17.3.0/lib/node_modules/firebase-tools/lib/responseToError.js:47:12)
    at Request._callback (/home/lap14784/.nvm/versions/node/v17.3.0/lib/node_modules/firebase-tools/lib/api.js:41:35)
    at Request.self.callback (/home/lap14784/.nvm/versions/node/v17.3.0/lib/node_modules/firebase-tools/node_modules/request/request.js:185:22)
    at Request.emit (node:events:390:28)
    at Request.emit (node:domain:475:12)
    at Request.<anonymous> (/home/lap14784/.nvm/versions/node/v17.3.0/lib/node_modules/firebase-tools/node_modules/request/request.js:1154:10)
    at Request.emit (node:events:390:28)
    at Request.emit (node:domain:475:12)
    at IncomingMessage.<anonymous> (/home/lap14784/.nvm/versions/node/v17.3.0/lib/node_modules/firebase-tools/node_modules/request/request.js:1076:12)
    at Object.onceWrapper (node:events:509:28)
    at IncomingMessage.emit (node:events:402:35)
    at IncomingMessage.emit (node:domain:475:12)
    at endReadableNT (node:internal/streams/readable:1343:12)
    at processTicksAndRejections (node:internal/process/task_queues:83:21)
[error] 
[error] Error: Failed to create project because there is already a project with ID banking-transaction-29880. Please try again with a unique project ID.
